INFO:root:|2022-06-06 19:12:55|-(create_query)
INFO:root:|2022-06-06 19:12:55|-(update_query)
INFO:root:|2022-06-06 19:12:55|-(read_query)
INFO:root:[2022-06-06 19:12:55|:Done
INFO:root:|2022-06-06 19:12:55|-(insert_query)
INFO:root:|2022-06-06 19:12:55|-(read_query)
INFO:root:[2022-06-06 19:12:55|:Done
INFO:root:|2022-06-06 19:12:55|-(delete_query)
INFO:root:|2022-06-06 19:12:55|-(read_query)
INFO:root:[2022-06-06 19:12:55|:Done
INFO:root:|2022-06-06 19:13:29|-(create_query)
INFO:root:|2022-06-06 19:13:29|-(update_query)
INFO:root:|2022-06-06 19:13:29|-(read_query)
INFO:root:[2022-06-06 19:13:29|:Done
INFO:root:|2022-06-06 19:13:29|-(insert_query)
INFO:root:|2022-06-06 19:13:29|-(read_query)
INFO:root:[2022-06-06 19:13:29|:Done
INFO:root:|2022-06-06 19:13:29|-(delete_query)
INFO:root:|2022-06-06 19:13:29|-(read_query)
INFO:root:[2022-06-06 19:13:29|:Done
INFO:root:|2022-06-06 19:15:15|-(create_query)
INFO:root:|2022-06-06 19:15:15|-(update_query)
INFO:root:|2022-06-06 19:15:15|-(read_query)
INFO:root:|2022-06-06 19:15:33|-(create_query)
INFO:root:|2022-06-06 19:15:33|-(update_query)
INFO:root:|2022-06-06 19:15:33|-(read_query)
INFO:root:[2022-06-06 19:15:33|:Done
INFO:root:|2022-06-06 19:15:33|-(insert_query)
INFO:root:|2022-06-06 19:15:33|-(read_query)
INFO:root:[2022-06-06 19:15:33|:Done
INFO:root:|2022-06-06 19:15:33|-(delete_query)
INFO:root:|2022-06-06 19:15:33|-(read_query)
INFO:root:[2022-06-06 19:15:33|:Done
INFO:root:|2022-06-06 19:24:55|-(create_query)
INFO:root:|2022-06-06 19:24:55|-(update_query)
INFO:root:|2022-06-06 19:24:55|-(read_query)
INFO:root:[2022-06-06 19:24:55|:Done
INFO:root:|2022-06-06 19:24:55|-(insert_query)
INFO:root:|2022-06-06 19:24:55|-(read_query)
INFO:root:[2022-06-06 19:24:55|:Done
INFO:root:|2022-06-06 19:24:55|-(delete_query)
INFO:root:|2022-06-06 19:24:55|-(read_query)
INFO:root:[2022-06-06 19:24:55|:Done
INFO:root:|2022-06-06 19:25:23|-(create_query)
INFO:root:|2022-06-06 19:25:23|-(update_query)
INFO:root:|2022-06-06 19:25:23|-(read_query)
INFO:root:[2022-06-06 19:25:23|:Done
INFO:root:|2022-06-06 19:25:23|-(insert_query)
INFO:root:|2022-06-06 19:25:23|-(read_query)
INFO:root:[2022-06-06 19:25:23|:Done
INFO:root:|2022-06-06 19:25:23|-(delete_query)
INFO:root:|2022-06-06 19:25:23|-(read_query)
INFO:root:[2022-06-06 19:25:23|:Done
INFO:root:|2022-06-06 19:29:07|-(create_query)
INFO:root:|2022-06-06 19:29:07|-(update_query)
INFO:root:|2022-06-06 19:29:07|-(read_query)
INFO:root:[2022-06-06 19:29:07|:Done
INFO:root:|2022-06-06 19:29:07|-(insert_query)
INFO:root:|2022-06-06 19:29:07|-(read_query)
INFO:root:[2022-06-06 19:29:07|:Done
INFO:root:|2022-06-06 19:29:07|-(delete_query)
INFO:root:|2022-06-06 19:29:07|-(read_query)
INFO:root:[2022-06-06 19:29:07|:Done
INFO:root:|2022-06-06 19:29:38|-(create_query)
INFO:root:|2022-06-06 19:29:38|-(update_query)
INFO:root:|2022-06-06 19:29:38|-(read_query)
INFO:root:[2022-06-06 19:29:38|:Done
INFO:root:|2022-06-06 19:29:38|-(insert_query)
INFO:root:|2022-06-06 19:29:38|-(read_query)
INFO:root:[2022-06-06 19:29:38|:Done
INFO:root:|2022-06-06 19:29:38|-(delete_query)
INFO:root:|2022-06-06 19:29:38|-(read_query)
INFO:root:[2022-06-06 19:29:38|:Done
INFO:root:|2022-06-06 19:42:40|-(create_query)
INFO:root:|2022-06-06 19:42:40|-(update_query)
INFO:root:|2022-06-06 19:42:40|-(read_query)
INFO:root:[2022-06-06 19:42:40|:Done
INFO:root:|2022-06-06 19:42:40|-(insert_query)
INFO:root:|2022-06-06 19:42:40|-(read_query)
INFO:root:[2022-06-06 19:42:40|:Done
INFO:root:|2022-06-06 19:42:40|-(delete_query)
INFO:root:|2022-06-06 19:42:40|-(read_query)
INFO:root:[2022-06-06 19:42:40|:Done
INFO:root:|2022-06-06 19:45:40|-(create_query)
INFO:root:|2022-06-06 19:45:40|-(update_query)
INFO:root:|2022-06-06 19:45:40|-(read_query)
INFO:root:[2022-06-06 19:45:40|:Done
INFO:root:|2022-06-06 19:45:40|-(insert_query)
INFO:root:|2022-06-06 19:45:40|-(read_query)
INFO:root:[2022-06-06 19:45:40|:Done
INFO:root:|2022-06-06 19:45:40|-(delete_query)
INFO:root:|2022-06-06 19:45:40|-(read_query)
INFO:root:[2022-06-06 19:45:40|:Done
INFO:root:|2022-06-06 20:51:13|-(create_query)
INFO:root:|2022-06-06 20:51:13|-(update_query)
INFO:root:|2022-06-06 20:51:13|-(read_query)
INFO:root:[2022-06-06 20:51:13|:Done
INFO:root:|2022-06-06 20:51:13|-(insert_query)
INFO:root:|2022-06-06 20:51:13|-(read_query)
INFO:root:[2022-06-06 20:51:13|:Done
INFO:root:|2022-06-06 20:51:13|-(delete_query)
INFO:root:|2022-06-06 20:51:13|-(read_query)
INFO:root:[2022-06-06 20:51:13|:Done
INFO:root:|2022-06-06 20:53:48|-(create_query)
INFO:root:|2022-06-06 20:53:48|-(update_query)
INFO:root:|2022-06-06 20:53:48|-(read_query)
INFO:root:[2022-06-06 20:53:48|:Done
INFO:root:|2022-06-06 20:53:48|-(insert_query)
INFO:root:|2022-06-06 20:53:48|-(read_query)
INFO:root:[2022-06-06 20:53:48|:Done
INFO:root:|2022-06-06 20:53:48|-(delete_query)
INFO:root:|2022-06-06 20:53:48|-(read_query)
INFO:root:[2022-06-06 20:53:48|:Done
INFO:root:|2022-06-06 21:01:02|-(create_query)
INFO:root:|2022-06-06 21:01:02|-(update_query)
INFO:root:|2022-06-06 21:01:02|-(read_query)
INFO:root:[2022-06-06 21:01:02|:Done
INFO:root:|2022-06-06 21:01:02|-(insert_query)
INFO:root:|2022-06-06 21:01:02|-(read_query)
INFO:root:[2022-06-06 21:01:02|:Done
INFO:root:|2022-06-06 21:01:02|-(delete_query)
INFO:root:|2022-06-06 21:01:02|-(read_query)
INFO:root:[2022-06-06 21:01:02|:Done
INFO:root:|2022-06-06 21:01:47|-(create_query)
INFO:root:|2022-06-06 21:01:47|-(update_query)
INFO:root:|2022-06-06 21:01:47|-(read_query)
INFO:root:[2022-06-06 21:01:47|:Done
INFO:root:|2022-06-06 21:01:47|-(insert_query)
INFO:root:|2022-06-06 21:01:47|-(read_query)
INFO:root:[2022-06-06 21:01:47|:Done
INFO:root:|2022-06-06 21:01:47|-(delete_query)
INFO:root:|2022-06-06 21:01:47|-(read_query)
INFO:root:[2022-06-06 21:01:47|:Done
INFO:root:|2022-06-06 21:02:43|-(create_query)
INFO:root:|2022-06-06 21:02:43|-(update_query)
INFO:root:|2022-06-06 21:02:43|-(read_query)
INFO:root:[2022-06-06 21:02:43|:Done
INFO:root:|2022-06-06 21:02:43|-(insert_query)
INFO:root:|2022-06-06 21:02:43|-(read_query)
INFO:root:[2022-06-06 21:02:43|:Done
INFO:root:|2022-06-06 21:02:43|-(delete_query)
INFO:root:|2022-06-06 21:02:43|-(read_query)
INFO:root:[2022-06-06 21:02:43|:Done
INFO:root:|2022-06-06 21:03:40|-(create_query)
INFO:root:|2022-06-06 21:03:40|-(update_query)
INFO:root:|2022-06-06 21:03:40|-(read_query)
INFO:root:[2022-06-06 21:03:40|:Done
INFO:root:|2022-06-06 21:03:40|-(insert_query)
INFO:root:|2022-06-06 21:03:40|-(read_query)
INFO:root:[2022-06-06 21:03:40|:Done
INFO:root:|2022-06-06 21:03:40|-(delete_query)
INFO:root:|2022-06-06 21:03:40|-(read_query)
INFO:root:[2022-06-06 21:03:40|:Done
INFO:root:|2022-06-06 21:04:10|-(create_query)
INFO:root:|2022-06-06 21:04:10|-(update_query)
INFO:root:|2022-06-06 21:04:10|-(read_query)
INFO:root:[2022-06-06 21:04:10|:Done
INFO:root:|2022-06-06 21:04:10|-(insert_query)
INFO:root:|2022-06-06 21:04:10|-(read_query)
INFO:root:[2022-06-06 21:04:10|:Done
INFO:root:|2022-06-06 21:04:10|-(delete_query)
INFO:root:|2022-06-06 21:04:10|-(read_query)
INFO:root:[2022-06-06 21:04:10|:Done
INFO:root:|2022-06-06 22:16:57|-(create_query)
INFO:root:|2022-06-06 22:16:57|-(update_query)
ERROR:root:|<function log_time at 0x7f64141b14c0>|:no such table: user
INFO:root:|2022-06-06 22:16:57|-(insert_query)
ERROR:root:|<function log_time at 0x7f64141b14c0>|:no such table: user
INFO:root:|2022-06-06 22:16:57|-(delete_query)
ERROR:root:[<function log_time at 0x7f64141b14c0>]:no such table: user
INFO:root:|2022-06-06 22:24:45|-(create_query)
INFO:root:|2022-06-06 22:24:45|-(update_query)
INFO:root:|2022-06-06 22:25:16|-(create_query)
INFO:root:|2022-06-06 22:25:16|-(update_query)
INFO:root:|2022-06-06 22:26:20|-(create_query)
INFO:root:|2022-06-06 22:26:20|-(update_query)
INFO:root:|2022-06-06 22:27:52|-(create_query)
INFO:root:|2022-06-06 22:27:52|-(update_query)
INFO:root:|2022-06-06 22:28:24|-(create_query)
INFO:root:|2022-06-06 22:28:24|-(update_query)
INFO:root:|2022-06-06 22:28:43|-(create_query)
INFO:root:|2022-06-06 22:30:30|-(create_query)
INFO:root:|2022-06-06 22:30:30|-(read_query)
INFO:root:[2022-06-06 22:30:30|:Done
ERROR:root:|2022-06-06 22:32:42|:no such table: user
ERROR:root:|2022-06-06 22:33:54|:no such table: user
ERROR:root:|2022-06-06 22:34:04|:no such table: users
INFO:root:|2022-06-06 22:34:32|-(create_query)
INFO:root:|2022-06-06 22:34:32|-(read_query)
INFO:root:[2022-06-06 22:34:32|:Done
INFO:root:|2022-06-06 22:34:32|-(read_query)
INFO:root:|2022-06-06 22:34:46|-(create_query)
INFO:root:|2022-06-06 22:34:46|-(read_query)
INFO:root:[2022-06-06 22:34:46|:Done
INFO:root:|2022-06-06 22:34:46|-(read_query)
INFO:root:[2022-06-06 22:34:46|:Done
INFO:root:|2022-06-06 22:39:26|-(create_query)
INFO:root:|2022-06-06 22:39:26|-(read_query)
INFO:root:[2022-06-06 22:39:26|:Done
INFO:root:|2022-06-06 22:39:33|-(create_query)
INFO:root:|2022-06-06 22:39:33|-(read_query)
INFO:root:[2022-06-06 22:39:33|:Done
INFO:root:|2022-06-06 22:46:21|-(create_query)
INFO:root:|2022-06-06 22:46:21|-(read_query)
INFO:root:[2022-06-06 22:46:21|:Done
INFO:root:|2022-06-06 22:46:45|-(create_query)
INFO:root:|2022-06-06 22:46:45|-(read_query)
INFO:root:[2022-06-06 22:46:45|:Done
INFO:root:|2022-06-06 22:51:43|-(create_query)
INFO:root:|2022-06-06 22:51:43|-(read_query)
INFO:root:[2022-06-06 22:51:43|:Done
INFO:root:|2022-06-06 22:55:51|-(create_query)
INFO:root:|2022-06-06 22:55:51|-(read_query)
INFO:root:[2022-06-06 22:55:51|:Done
INFO:root:|2022-06-06 22:56:24|-(create_query)
INFO:root:|2022-06-06 22:56:24|-(read_query)
INFO:root:[2022-06-06 22:56:24|:Done
INFO:root:|2022-06-06 22:57:20|-(create_query)
INFO:root:|2022-06-06 22:57:20|-(read_query)
INFO:root:[2022-06-06 22:57:20|:Done
INFO:root:|2022-06-06 22:58:03|-(create_query)
INFO:root:|2022-06-06 22:58:03|-(read_query)
INFO:root:[2022-06-06 22:58:03|:Done
INFO:root:|2022-06-06 23:00:18|-(create_query)
INFO:root:|2022-06-06 23:01:12|-(create_query)
INFO:root:|2022-06-06 23:01:12|-(read_query)
INFO:root:[2022-06-06 23:01:12|:Done
INFO:root:|2022-06-06 23:01:26|-(create_query)
INFO:root:|2022-06-06 23:03:26|-(create_query)
INFO:root:|2022-06-06 23:03:41|-(create_query)
INFO:root:|2022-06-06 23:03:41|-(read_query)
INFO:root:[2022-06-06 23:03:41|:Done
INFO:root:|2022-06-06 23:05:19|-(create_query)
INFO:root:|2022-06-06 23:05:49|-(create_query)
INFO:root:|2022-06-06 23:05:58|-(create_query)
INFO:root:|2022-06-06 23:05:58|-(read_query)
INFO:root:[2022-06-06 23:05:58|:Done
INFO:root:|2022-06-06 23:10:31|-(create_query)
INFO:root:|2022-06-06 23:10:31|-(read_query)
INFO:root:[2022-06-06 23:10:31|:Done
INFO:root:|2022-06-07 11:47:39|-(create_query)
INFO:root:|2022-06-07 11:47:39|-(read_query)
INFO:root:[2022-06-07 11:47:39|:Done
INFO:root:|2022-06-15 17:49:21|-(create_query)
INFO:root:|2022-06-15 17:49:22|-(read_query)
INFO:root:[2022-06-15 17:49:22|:Done
INFO:root:|2023-01-25 11:24:40|-(create_query)
INFO:root:|2023-01-25 11:24:40|-(read_query)
INFO:root:[2023-01-25 11:24:40|:Done
