INFO:root:|2022-06-06 23:11:37|-(create_query)
INFO:root:|2022-06-06 23:11:37|-(update_query)
INFO:root:|2022-06-06 23:11:37|-(read_query)
INFO:root:[2022-06-06 23:11:37|:Done
INFO:root:|2022-06-06 23:11:37|-(insert_query)
INFO:root:|2022-06-06 23:11:37|-(read_query)
INFO:root:[2022-06-06 23:11:37|:Done
INFO:root:|2022-06-06 23:11:37|-(delete_query)
INFO:root:|2022-06-06 23:11:37|-(read_query)
INFO:root:[2022-06-06 23:11:37|:Done
INFO:root:|2023-01-25 11:26:23|-(create_query)
INFO:root:|2023-01-25 11:26:23|-(update_query)
INFO:root:|2023-01-25 11:26:23|-(read_query)
INFO:root:[2023-01-25 11:26:23|:Done
INFO:root:|2023-01-25 11:26:23|-(insert_query)
INFO:root:|2023-01-25 11:26:23|-(read_query)
INFO:root:[2023-01-25 11:26:23|:Done
INFO:root:|2023-01-25 11:26:23|-(delete_query)
INFO:root:|2023-01-25 11:26:23|-(read_query)
INFO:root:[2023-01-25 11:26:23|:Done
